2021-08-04_10-18-08 [restartedMain] INFO  c.c.p.p.ProcessPensionMicroserviceApplication - Starting ProcessPensionMicroserviceApplication using Java 11.0.11 on DESKTOP-BLC37G2 with PID 7604 (C:\Users\TONY\OneDrive\Desktop\CTS intern\Pension-Management\Pension-Management\ProcessPension-Microservice\target\classes started by TONY in C:\Users\TONY\OneDrive\Desktop\CTS intern\Pension-Management\Pension-Management\ProcessPension-Microservice)
2021-08-04_10-18-08 [background-preinit] INFO  o.h.validator.internal.util.Version - HV000001: Hibernate Validator 6.1.7.Final
2021-08-04_10-18-08 [restartedMain] INFO  c.c.p.p.ProcessPensionMicroserviceApplication - No active profile set, falling back to default profiles: default
2021-08-04_10-18-08 [restartedMain] INFO  o.s.b.d.e.DevToolsPropertyDefaultsPostProcessor - Devtools property defaults active! Set 'spring.devtools.add-properties' to 'false' to disable
2021-08-04_10-18-08 [restartedMain] INFO  o.s.b.d.e.DevToolsPropertyDefaultsPostProcessor - For additional web related logging consider setting the 'logging.level.web' property to 'DEBUG'
2021-08-04_10-18-08 [restartedMain] INFO  o.s.cloud.context.scope.GenericScope - BeanFactory id=21bc8910-f98a-3f67-a71e-1258ac4b01d6
2021-08-04_10-18-08 [restartedMain] INFO  o.s.c.s.PostProcessorRegistrationDelegate$BeanPostProcessorChecker - Bean 'com.cts.pension.process.feignclient.AuthorisingClient' of type [org.springframework.cloud.openfeign.FeignClientFactoryBean] is not eligible for getting processed by all BeanPostProcessors (for example: not eligible for auto-proxying)
2021-08-04_10-18-08 [restartedMain] INFO  o.s.c.s.PostProcessorRegistrationDelegate$BeanPostProcessorChecker - Bean 'com.cts.pension.process.feignclient.PensionDisbursementFeignClient' of type [org.springframework.cloud.openfeign.FeignClientFactoryBean] is not eligible for getting processed by all BeanPostProcessors (for example: not eligible for auto-proxying)
2021-08-04_10-18-08 [restartedMain] INFO  o.s.c.s.PostProcessorRegistrationDelegate$BeanPostProcessorChecker - Bean 'com.cts.pension.process.feignclient.PensionerDetailFeignClient' of type [org.springframework.cloud.openfeign.FeignClientFactoryBean] is not eligible for getting processed by all BeanPostProcessors (for example: not eligible for auto-proxying)
2021-08-04_10-18-08 [restartedMain] INFO  o.s.b.w.e.tomcat.TomcatWebServer - Tomcat initialized with port(s): 8100 (http)
2021-08-04_10-18-08 [restartedMain] INFO  o.a.coyote.http11.Http11NioProtocol - Initializing ProtocolHandler ["http-nio-8100"]
2021-08-04_10-18-08 [restartedMain] INFO  o.a.catalina.core.StandardService - Starting service [Tomcat]
2021-08-04_10-18-08 [restartedMain] INFO  o.a.catalina.core.StandardEngine - Starting Servlet engine: [Apache Tomcat/9.0.41]
2021-08-04_10-18-08 [restartedMain] INFO  o.a.c.c.C.[.[localhost].[/process] - Initializing Spring embedded WebApplicationContext
2021-08-04_10-18-08 [restartedMain] INFO  o.s.b.w.s.c.ServletWebServerApplicationContext - Root WebApplicationContext: initialization completed in 3774 ms
2021-08-04_10-18-08 [restartedMain] INFO  o.s.b.d.a.OptionalLiveReloadServer - LiveReload server is running on port 35729
2021-08-04_10-18-08 [restartedMain] INFO  o.s.b.a.e.web.EndpointLinksResolver - Exposing 2 endpoint(s) beneath base path '/actuator'
2021-08-04_10-18-08 [restartedMain] INFO  s.d.s.w.PropertySourcedRequestMappingHandlerMapping - Mapped URL path [/v2/api-docs] onto method [springfox.documentation.swagger2.web.Swagger2Controller#getDocumentation(String, HttpServletRequest)]
2021-08-04_10-18-08 [restartedMain] INFO  o.s.s.c.ThreadPoolTaskExecutor - Initializing ExecutorService 'applicationTaskExecutor'
2021-08-04_10-18-08 [restartedMain] INFO  o.a.coyote.http11.Http11NioProtocol - Starting ProtocolHandler ["http-nio-8100"]
2021-08-04_10-18-08 [restartedMain] INFO  o.s.b.w.e.tomcat.TomcatWebServer - Tomcat started on port(s): 8100 (http) with context path '/process'
2021-08-04_10-18-08 [restartedMain] INFO  s.d.s.w.p.DocumentationPluginsBootstrapper - Context refreshed
2021-08-04_10-18-08 [restartedMain] INFO  s.d.s.w.p.DocumentationPluginsBootstrapper - Found 1 custom documentation plugin(s)
2021-08-04_10-18-08 [restartedMain] INFO  s.d.s.w.s.ApiListingReferenceScanner - Scanning for api listing references
2021-08-04_10-18-08 [restartedMain] INFO  s.d.s.w.r.o.CachingOperationNameGenerator - Generating unique operation named: handleUsingGET_1
2021-08-04_10-18-08 [restartedMain] INFO  s.d.s.w.r.o.CachingOperationNameGenerator - Generating unique operation named: handleUsingGET_2
2021-08-04_10-18-08 [restartedMain] INFO  c.c.p.p.ProcessPensionMicroserviceApplication - Started ProcessPensionMicroserviceApplication in 8.612 seconds (JVM running for 15.034)
2021-08-04_10-18-08 [RMI TCP Connection(3)-127.0.0.1] INFO  o.a.c.c.C.[.[localhost].[/process] - Initializing Spring DispatcherServlet 'dispatcherServlet'
2021-08-04_10-18-08 [RMI TCP Connection(3)-127.0.0.1] INFO  o.s.web.servlet.DispatcherServlet - Initializing Servlet 'dispatcherServlet'
2021-08-04_10-18-08 [RMI TCP Connection(3)-127.0.0.1] INFO  o.s.web.servlet.DispatcherServlet - Completed initialization in 1 ms
2021-08-04_10-18-08 [RMI TCP Connection(10)-127.0.0.1] INFO  o.s.b.a.SpringApplicationAdminMXBeanRegistrar$SpringApplicationAdmin - Application shutdown requested.
2021-08-04_10-18-08 [RMI TCP Connection(10)-127.0.0.1] INFO  o.s.s.c.ThreadPoolTaskExecutor - Shutting down ExecutorService 'applicationTaskExecutor'
2021-08-04_10-21-45 [main] INFO  o.s.b.t.c.SpringBootTestContextBootstrapper - Neither @ContextConfiguration nor @ContextHierarchy found for test class [com.cts.pension.process.controller.PensionProcessControllerTest], using SpringBootContextLoader
2021-08-04_10-21-45 [main] INFO  o.s.t.c.s.AbstractContextLoader - Could not detect default resource locations for test class [com.cts.pension.process.controller.PensionProcessControllerTest]: no resource found for suffixes {-context.xml, Context.groovy}.
2021-08-04_10-21-45 [main] INFO  o.s.t.c.s.AnnotationConfigContextLoaderUtils - Could not detect default configuration classes for test class [com.cts.pension.process.controller.PensionProcessControllerTest]: PensionProcessControllerTest does not declare any static, non-private, non-final, nested classes annotated with @Configuration.
2021-08-04_10-21-45 [main] INFO  o.s.b.t.c.SpringBootTestContextBootstrapper - Found @SpringBootConfiguration com.cts.pension.process.ProcessPensionMicroserviceApplication for test class com.cts.pension.process.controller.PensionProcessControllerTest
2021-08-04_10-21-45 [main] INFO  o.s.b.t.c.SpringBootTestContextBootstrapper - Loaded default TestExecutionListener class names from location [META-INF/spring.factories]: [org.springframework.boot.test.mock.mockito.MockitoTestExecutionListener, org.springframework.boot.test.mock.mockito.ResetMocksTestExecutionListener, org.springframework.boot.test.autoconfigure.restdocs.RestDocsTestExecutionListener, org.springframework.boot.test.autoconfigure.web.client.MockRestServiceServerResetTestExecutionListener, org.springframework.boot.test.autoconfigure.web.servlet.MockMvcPrintOnlyOnFailureTestExecutionListener, org.springframework.boot.test.autoconfigure.web.servlet.WebDriverTestExecutionListener, org.springframework.boot.test.autoconfigure.webservices.client.MockWebServiceServerTestExecutionListener, org.springframework.test.context.web.ServletTestExecutionListener, org.springframework.test.context.support.DirtiesContextBeforeModesTestExecutionListener, org.springframework.test.context.event.ApplicationEventsTestExecutionListener, org.springframework.test.context.support.DependencyInjectionTestExecutionListener, org.springframework.test.context.support.DirtiesContextTestExecutionListener, org.springframework.test.context.transaction.TransactionalTestExecutionListener, org.springframework.test.context.jdbc.SqlScriptsTestExecutionListener, org.springframework.test.context.event.EventPublishingTestExecutionListener]
2021-08-04_10-21-45 [main] INFO  o.s.b.t.c.SpringBootTestContextBootstrapper - Using TestExecutionListeners: [org.springframework.test.context.web.ServletTestExecutionListener@3d3f761a, org.springframework.test.context.support.DirtiesContextBeforeModesTestExecutionListener@3546d80f, org.springframework.test.context.event.ApplicationEventsTestExecutionListener@579d011c, org.springframework.boot.test.mock.mockito.MockitoTestExecutionListener@3670f00, org.springframework.boot.test.autoconfigure.SpringBootDependencyInjectionTestExecutionListener@452e26d0, org.springframework.test.context.support.DirtiesContextTestExecutionListener@46ab18da, org.springframework.test.context.event.EventPublishingTestExecutionListener@790174f2, org.springframework.boot.test.mock.mockito.ResetMocksTestExecutionListener@42257bdd, org.springframework.boot.test.autoconfigure.restdocs.RestDocsTestExecutionListener@7689ddef, org.springframework.boot.test.autoconfigure.web.client.MockRestServiceServerResetTestExecutionListener@687a762c, org.springframework.boot.test.autoconfigure.web.servlet.MockMvcPrintOnlyOnFailureTestExecutionListener@1a2e2935, org.springframework.boot.test.autoconfigure.web.servlet.WebDriverTestExecutionListener@733c423e, org.springframework.boot.test.autoconfigure.webservices.client.MockWebServiceServerTestExecutionListener@4b629f13]
2021-08-04_10-21-48 [main] INFO  c.c.p.p.c.PensionProcessControllerTest - Starting PensionProcessControllerTest using Java 11.0.11 on DESKTOP-BLC37G2 with PID 5396 (started by TONY in C:\Users\TONY\OneDrive\Desktop\CTS intern\Pension-Management\Pension-Management\ProcessPension-Microservice)
2021-08-04_10-21-48 [main] INFO  c.c.p.p.c.PensionProcessControllerTest - No active profile set, falling back to default profiles: default
2021-08-04_10-21-48 [background-preinit] INFO  o.h.validator.internal.util.Version - HV000001: Hibernate Validator 6.1.7.Final
2021-08-04_10-21-48 [main] INFO  o.s.cloud.context.scope.GenericScope - BeanFactory id=40249ee2-aac4-3c78-a10b-8237ccf01531
2021-08-04_10-21-48 [main] INFO  o.s.b.a.e.web.EndpointLinksResolver - Exposing 2 endpoint(s) beneath base path '/actuator'
2021-08-04_10-21-48 [main] INFO  s.d.s.w.PropertySourcedRequestMappingHandlerMapping - Mapped URL path [/v2/api-docs] onto method [springfox.documentation.swagger2.web.Swagger2Controller#getDocumentation(String, HttpServletRequest)]
2021-08-04_10-21-48 [main] INFO  o.s.s.c.ThreadPoolTaskExecutor - Initializing ExecutorService 'applicationTaskExecutor'
2021-08-04_10-21-48 [main] INFO  o.s.b.t.m.w.SpringBootMockServletContext - Initializing Spring TestDispatcherServlet ''
2021-08-04_10-21-48 [main] INFO  o.s.t.w.s.TestDispatcherServlet - Initializing Servlet ''
2021-08-04_10-21-48 [main] INFO  o.s.t.w.s.TestDispatcherServlet - Completed initialization in 3 ms
2021-08-04_10-21-48 [main] INFO  s.d.s.w.p.DocumentationPluginsBootstrapper - Context refreshed
2021-08-04_10-21-48 [main] INFO  s.d.s.w.p.DocumentationPluginsBootstrapper - Found 1 custom documentation plugin(s)
2021-08-04_10-21-48 [main] INFO  s.d.s.w.s.ApiListingReferenceScanner - Scanning for api listing references
2021-08-04_10-21-48 [main] INFO  s.d.s.w.r.o.CachingOperationNameGenerator - Generating unique operation named: handleUsingGET_1
2021-08-04_10-21-48 [main] INFO  s.d.s.w.r.o.CachingOperationNameGenerator - Generating unique operation named: handleUsingGET_2
2021-08-04_10-21-48 [main] INFO  c.c.p.p.c.PensionProcessControllerTest - Started PensionProcessControllerTest in 14.488 seconds (JVM running for 18.934)
2021-08-04_10-21-48 [main] INFO  o.s.b.t.c.SpringBootTestContextBootstrapper - Neither @ContextConfiguration nor @ContextHierarchy found for test class [com.cts.pension.process.controller.ProcessPensionControllerMethodTest], using SpringBootContextLoader
2021-08-04_10-21-48 [main] INFO  o.s.t.c.s.AbstractContextLoader - Could not detect default resource locations for test class [com.cts.pension.process.controller.ProcessPensionControllerMethodTest]: no resource found for suffixes {-context.xml, Context.groovy}.
2021-08-04_10-21-48 [main] INFO  o.s.t.c.s.AnnotationConfigContextLoaderUtils - Could not detect default configuration classes for test class [com.cts.pension.process.controller.ProcessPensionControllerMethodTest]: ProcessPensionControllerMethodTest does not declare any static, non-private, non-final, nested classes annotated with @Configuration.
2021-08-04_10-21-48 [main] INFO  o.s.b.t.c.SpringBootTestContextBootstrapper - Found @SpringBootConfiguration com.cts.pension.process.ProcessPensionMicroserviceApplication for test class com.cts.pension.process.controller.ProcessPensionControllerMethodTest
2021-08-04_10-21-48 [main] INFO  o.s.b.t.c.SpringBootTestContextBootstrapper - Loaded default TestExecutionListener class names from location [META-INF/spring.factories]: [org.springframework.boot.test.mock.mockito.MockitoTestExecutionListener, org.springframework.boot.test.mock.mockito.ResetMocksTestExecutionListener, org.springframework.boot.test.autoconfigure.restdocs.RestDocsTestExecutionListener, org.springframework.boot.test.autoconfigure.web.client.MockRestServiceServerResetTestExecutionListener, org.springframework.boot.test.autoconfigure.web.servlet.MockMvcPrintOnlyOnFailureTestExecutionListener, org.springframework.boot.test.autoconfigure.web.servlet.WebDriverTestExecutionListener, org.springframework.boot.test.autoconfigure.webservices.client.MockWebServiceServerTestExecutionListener, org.springframework.test.context.web.ServletTestExecutionListener, org.springframework.test.context.support.DirtiesContextBeforeModesTestExecutionListener, org.springframework.test.context.event.ApplicationEventsTestExecutionListener, org.springframework.test.context.support.DependencyInjectionTestExecutionListener, org.springframework.test.context.support.DirtiesContextTestExecutionListener, org.springframework.test.context.transaction.TransactionalTestExecutionListener, org.springframework.test.context.jdbc.SqlScriptsTestExecutionListener, org.springframework.test.context.event.EventPublishingTestExecutionListener]
2021-08-04_10-21-48 [main] INFO  o.s.b.t.c.SpringBootTestContextBootstrapper - Using TestExecutionListeners: [org.springframework.test.context.web.ServletTestExecutionListener@5b407336, org.springframework.test.context.support.DirtiesContextBeforeModesTestExecutionListener@160cf225, org.springframework.test.context.event.ApplicationEventsTestExecutionListener@6a262980, org.springframework.boot.test.mock.mockito.MockitoTestExecutionListener@10230657, org.springframework.boot.test.autoconfigure.SpringBootDependencyInjectionTestExecutionListener@48a21ea6, org.springframework.test.context.support.DirtiesContextTestExecutionListener@394e504d, org.springframework.test.context.event.EventPublishingTestExecutionListener@62ff14cd, org.springframework.boot.test.mock.mockito.ResetMocksTestExecutionListener@6ae6a77b, org.springframework.boot.test.autoconfigure.restdocs.RestDocsTestExecutionListener@32e9c3af, org.springframework.boot.test.autoconfigure.web.client.MockRestServiceServerResetTestExecutionListener@796e2187, org.springframework.boot.test.autoconfigure.web.servlet.MockMvcPrintOnlyOnFailureTestExecutionListener@632d1b1b, org.springframework.boot.test.autoconfigure.web.servlet.WebDriverTestExecutionListener@3c2fa57a, org.springframework.boot.test.autoconfigure.webservices.client.MockWebServiceServerTestExecutionListener@4027edeb]
2021-08-04_10-22-04 [main] INFO  c.c.p.p.c.ProcessPensionControllerMethodTest - Starting ProcessPensionControllerMethodTest using Java 11.0.11 on DESKTOP-BLC37G2 with PID 5396 (started by TONY in C:\Users\TONY\OneDrive\Desktop\CTS intern\Pension-Management\Pension-Management\ProcessPension-Microservice)
2021-08-04_10-22-04 [main] INFO  c.c.p.p.c.ProcessPensionControllerMethodTest - No active profile set, falling back to default profiles: default
2021-08-04_10-22-04 [main] INFO  o.s.cloud.context.scope.GenericScope - BeanFactory id=40249ee2-aac4-3c78-a10b-8237ccf01531
2021-08-04_10-22-04 [main] INFO  o.s.c.s.PostProcessorRegistrationDelegate$BeanPostProcessorChecker - Bean 'com.cts.pension.process.feignclient.PensionDisbursementFeignClient' of type [org.springframework.cloud.openfeign.FeignClientFactoryBean] is not eligible for getting processed by all BeanPostProcessors (for example: not eligible for auto-proxying)
2021-08-04_10-22-04 [main] INFO  o.s.c.s.PostProcessorRegistrationDelegate$BeanPostProcessorChecker - Bean 'com.cts.pension.process.feignclient.PensionerDetailFeignClient' of type [org.springframework.cloud.openfeign.FeignClientFactoryBean] is not eligible for getting processed by all BeanPostProcessors (for example: not eligible for auto-proxying)
2021-08-04_10-22-04 [main] INFO  o.s.b.a.e.web.EndpointLinksResolver - Exposing 2 endpoint(s) beneath base path '/actuator'
2021-08-04_10-22-04 [main] INFO  s.d.s.w.PropertySourcedRequestMappingHandlerMapping - Mapped URL path [/v2/api-docs] onto method [springfox.documentation.swagger2.web.Swagger2Controller#getDocumentation(String, HttpServletRequest)]
2021-08-04_10-22-04 [main] INFO  o.s.s.c.ThreadPoolTaskExecutor - Initializing ExecutorService 'applicationTaskExecutor'
2021-08-04_10-22-04 [main] INFO  o.s.b.t.m.w.SpringBootMockServletContext - Initializing Spring TestDispatcherServlet ''
2021-08-04_10-22-04 [main] INFO  o.s.t.w.s.TestDispatcherServlet - Initializing Servlet ''
2021-08-04_10-22-04 [main] INFO  o.s.t.w.s.TestDispatcherServlet - Completed initialization in 3 ms
2021-08-04_10-22-04 [main] INFO  s.d.s.w.p.DocumentationPluginsBootstrapper - Context refreshed
2021-08-04_10-22-04 [main] INFO  s.d.s.w.p.DocumentationPluginsBootstrapper - Found 1 custom documentation plugin(s)
2021-08-04_10-22-04 [main] INFO  s.d.s.w.s.ApiListingReferenceScanner - Scanning for api listing references
2021-08-04_10-22-04 [main] INFO  s.d.s.w.r.o.CachingOperationNameGenerator - Generating unique operation named: handleUsingGET_1
2021-08-04_10-22-04 [main] INFO  s.d.s.w.r.o.CachingOperationNameGenerator - Generating unique operation named: handleUsingGET_2
2021-08-04_10-22-04 [main] INFO  c.c.p.p.c.ProcessPensionControllerMethodTest - Started ProcessPensionControllerMethodTest in 4.339 seconds (JVM running for 25.274)
2021-08-04_10-22-04 [main] INFO  o.s.b.t.c.SpringBootTestContextBootstrapper - Neither @ContextConfiguration nor @ContextHierarchy found for test class [com.cts.pension.process.exception.ProcessPensionExceptionTest], using SpringBootContextLoader
2021-08-04_10-22-04 [main] INFO  o.s.t.c.s.AbstractContextLoader - Could not detect default resource locations for test class [com.cts.pension.process.exception.ProcessPensionExceptionTest]: no resource found for suffixes {-context.xml, Context.groovy}.
2021-08-04_10-22-04 [main] INFO  o.s.t.c.s.AnnotationConfigContextLoaderUtils - Could not detect default configuration classes for test class [com.cts.pension.process.exception.ProcessPensionExceptionTest]: ProcessPensionExceptionTest does not declare any static, non-private, non-final, nested classes annotated with @Configuration.
2021-08-04_10-22-04 [main] INFO  o.s.b.t.c.SpringBootTestContextBootstrapper - Found @SpringBootConfiguration com.cts.pension.process.ProcessPensionMicroserviceApplication for test class com.cts.pension.process.exception.ProcessPensionExceptionTest
2021-08-04_10-22-04 [main] INFO  o.s.b.t.c.SpringBootTestContextBootstrapper - Loaded default TestExecutionListener class names from location [META-INF/spring.factories]: [org.springframework.boot.test.mock.mockito.MockitoTestExecutionListener, org.springframework.boot.test.mock.mockito.ResetMocksTestExecutionListener, org.springframework.boot.test.autoconfigure.restdocs.RestDocsTestExecutionListener, org.springframework.boot.test.autoconfigure.web.client.MockRestServiceServerResetTestExecutionListener, org.springframework.boot.test.autoconfigure.web.servlet.MockMvcPrintOnlyOnFailureTestExecutionListener, org.springframework.boot.test.autoconfigure.web.servlet.WebDriverTestExecutionListener, org.springframework.boot.test.autoconfigure.webservices.client.MockWebServiceServerTestExecutionListener, org.springframework.test.context.web.ServletTestExecutionListener, org.springframework.test.context.support.DirtiesContextBeforeModesTestExecutionListener, org.springframework.test.context.event.ApplicationEventsTestExecutionListener, org.springframework.test.context.support.DependencyInjectionTestExecutionListener, org.springframework.test.context.support.DirtiesContextTestExecutionListener, org.springframework.test.context.transaction.TransactionalTestExecutionListener, org.springframework.test.context.jdbc.SqlScriptsTestExecutionListener, org.springframework.test.context.event.EventPublishingTestExecutionListener]
2021-08-04_10-22-04 [main] INFO  o.s.b.t.c.SpringBootTestContextBootstrapper - Using TestExecutionListeners: [org.springframework.test.context.web.ServletTestExecutionListener@6e8426aa, org.springframework.test.context.support.DirtiesContextBeforeModesTestExecutionListener@752573df, org.springframework.test.context.event.ApplicationEventsTestExecutionListener@6ebf5f26, org.springframework.boot.test.mock.mockito.MockitoTestExecutionListener@7a5a26b7, org.springframework.boot.test.autoconfigure.SpringBootDependencyInjectionTestExecutionListener@3524ee20, org.springframework.test.context.support.DirtiesContextTestExecutionListener@6bc1c8d0, org.springframework.test.context.event.EventPublishingTestExecutionListener@7f93fce1, org.springframework.boot.test.mock.mockito.ResetMocksTestExecutionListener@5457123a, org.springframework.boot.test.autoconfigure.restdocs.RestDocsTestExecutionListener@4690a37e, org.springframework.boot.test.autoconfigure.web.client.MockRestServiceServerResetTestExecutionListener@23f27434, org.springframework.boot.test.autoconfigure.web.servlet.MockMvcPrintOnlyOnFailureTestExecutionListener@43e6f05f, org.springframework.boot.test.autoconfigure.web.servlet.WebDriverTestExecutionListener@2fccfcdb, org.springframework.boot.test.autoconfigure.webservices.client.MockWebServiceServerTestExecutionListener@6c04310f]
2021-08-04_10-22-08 [main] INFO  c.c.p.p.e.ProcessPensionExceptionTest - Starting ProcessPensionExceptionTest using Java 11.0.11 on DESKTOP-BLC37G2 with PID 5396 (started by TONY in C:\Users\TONY\OneDrive\Desktop\CTS intern\Pension-Management\Pension-Management\ProcessPension-Microservice)
2021-08-04_10-22-08 [main] INFO  c.c.p.p.e.ProcessPensionExceptionTest - No active profile set, falling back to default profiles: default
2021-08-04_10-22-08 [main] INFO  o.s.cloud.context.scope.GenericScope - BeanFactory id=34ecff24-fb54-3538-a9a4-e309282142e3
2021-08-04_10-22-08 [main] INFO  o.s.c.s.PostProcessorRegistrationDelegate$BeanPostProcessorChecker - Bean 'com.cts.pension.process.feignclient.AuthorisingClient' of type [org.springframework.cloud.openfeign.FeignClientFactoryBean] is not eligible for getting processed by all BeanPostProcessors (for example: not eligible for auto-proxying)
2021-08-04_10-22-08 [main] INFO  o.s.c.s.PostProcessorRegistrationDelegate$BeanPostProcessorChecker - Bean 'com.cts.pension.process.feignclient.PensionDisbursementFeignClient' of type [org.springframework.cloud.openfeign.FeignClientFactoryBean] is not eligible for getting processed by all BeanPostProcessors (for example: not eligible for auto-proxying)
2021-08-04_10-22-08 [main] INFO  o.s.c.s.PostProcessorRegistrationDelegate$BeanPostProcessorChecker - Bean 'com.cts.pension.process.feignclient.PensionerDetailFeignClient' of type [org.springframework.cloud.openfeign.FeignClientFactoryBean] is not eligible for getting processed by all BeanPostProcessors (for example: not eligible for auto-proxying)
2021-08-04_10-22-08 [main] INFO  o.s.b.a.e.web.EndpointLinksResolver - Exposing 2 endpoint(s) beneath base path '/actuator'
2021-08-04_10-22-08 [main] INFO  s.d.s.w.PropertySourcedRequestMappingHandlerMapping - Mapped URL path [/v2/api-docs] onto method [springfox.documentation.swagger2.web.Swagger2Controller#getDocumentation(String, HttpServletRequest)]
2021-08-04_10-22-08 [main] INFO  o.s.s.c.ThreadPoolTaskExecutor - Initializing ExecutorService 'applicationTaskExecutor'
2021-08-04_10-22-08 [main] INFO  s.d.s.w.p.DocumentationPluginsBootstrapper - Context refreshed
2021-08-04_10-22-08 [main] INFO  s.d.s.w.p.DocumentationPluginsBootstrapper - Found 1 custom documentation plugin(s)
2021-08-04_10-22-08 [main] INFO  s.d.s.w.s.ApiListingReferenceScanner - Scanning for api listing references
2021-08-04_10-22-08 [main] INFO  s.d.s.w.r.o.CachingOperationNameGenerator - Generating unique operation named: handleUsingGET_1
2021-08-04_10-22-08 [main] INFO  s.d.s.w.r.o.CachingOperationNameGenerator - Generating unique operation named: handleUsingGET_2
2021-08-04_10-22-08 [main] INFO  c.c.p.p.e.ProcessPensionExceptionTest - Started ProcessPensionExceptionTest in 3.68 seconds (JVM running for 29.186)
2021-08-04_10-22-08 [main] INFO  o.s.b.t.c.SpringBootTestContextBootstrapper - Neither @ContextConfiguration nor @ContextHierarchy found for test class [com.cts.pension.process.ProcessPensionMicroserviceApplicationTests], using SpringBootContextLoader
2021-08-04_10-22-08 [main] INFO  o.s.t.c.s.AbstractContextLoader - Could not detect default resource locations for test class [com.cts.pension.process.ProcessPensionMicroserviceApplicationTests]: no resource found for suffixes {-context.xml, Context.groovy}.
2021-08-04_10-22-08 [main] INFO  o.s.t.c.s.AnnotationConfigContextLoaderUtils - Could not detect default configuration classes for test class [com.cts.pension.process.ProcessPensionMicroserviceApplicationTests]: ProcessPensionMicroserviceApplicationTests does not declare any static, non-private, non-final, nested classes annotated with @Configuration.
2021-08-04_10-22-08 [main] INFO  o.s.b.t.c.SpringBootTestContextBootstrapper - Found @SpringBootConfiguration com.cts.pension.process.ProcessPensionMicroserviceApplication for test class com.cts.pension.process.ProcessPensionMicroserviceApplicationTests
2021-08-04_10-22-08 [main] INFO  o.s.b.t.c.SpringBootTestContextBootstrapper - Loaded default TestExecutionListener class names from location [META-INF/spring.factories]: [org.springframework.boot.test.mock.mockito.MockitoTestExecutionListener, org.springframework.boot.test.mock.mockito.ResetMocksTestExecutionListener, org.springframework.boot.test.autoconfigure.restdocs.RestDocsTestExecutionListener, org.springframework.boot.test.autoconfigure.web.client.MockRestServiceServerResetTestExecutionListener, org.springframework.boot.test.autoconfigure.web.servlet.MockMvcPrintOnlyOnFailureTestExecutionListener, org.springframework.boot.test.autoconfigure.web.servlet.WebDriverTestExecutionListener, org.springframework.boot.test.autoconfigure.webservices.client.MockWebServiceServerTestExecutionListener, org.springframework.test.context.web.ServletTestExecutionListener, org.springframework.test.context.support.DirtiesContextBeforeModesTestExecutionListener, org.springframework.test.context.event.ApplicationEventsTestExecutionListener, org.springframework.test.context.support.DependencyInjectionTestExecutionListener, org.springframework.test.context.support.DirtiesContextTestExecutionListener, org.springframework.test.context.transaction.TransactionalTestExecutionListener, org.springframework.test.context.jdbc.SqlScriptsTestExecutionListener, org.springframework.test.context.event.EventPublishingTestExecutionListener]
2021-08-04_10-22-08 [main] INFO  o.s.b.t.c.SpringBootTestContextBootstrapper - Using TestExecutionListeners: [org.springframework.test.context.web.ServletTestExecutionListener@64df3f4b, org.springframework.test.context.support.DirtiesContextBeforeModesTestExecutionListener@54a98439, org.springframework.test.context.event.ApplicationEventsTestExecutionListener@4b20b431, org.springframework.boot.test.mock.mockito.MockitoTestExecutionListener@46875fae, org.springframework.boot.test.autoconfigure.SpringBootDependencyInjectionTestExecutionListener@5b3f0552, org.springframework.test.context.support.DirtiesContextTestExecutionListener@432fca40, org.springframework.test.context.event.EventPublishingTestExecutionListener@de06f28, org.springframework.boot.test.mock.mockito.ResetMocksTestExecutionListener@71662b15, org.springframework.boot.test.autoconfigure.restdocs.RestDocsTestExecutionListener@52d0a5fe, org.springframework.boot.test.autoconfigure.web.client.MockRestServiceServerResetTestExecutionListener@6f10082e, org.springframework.boot.test.autoconfigure.web.servlet.MockMvcPrintOnlyOnFailureTestExecutionListener@6107b3cb, org.springframework.boot.test.autoconfigure.web.servlet.WebDriverTestExecutionListener@2179127d, org.springframework.boot.test.autoconfigure.webservices.client.MockWebServiceServerTestExecutionListener@76d1acf9]
2021-08-04_10-22-13 [main] INFO  c.c.p.p.ProcessPensionMicroserviceApplication - Starting ProcessPensionMicroserviceApplication using Java 11.0.11 on DESKTOP-BLC37G2 with PID 5396 (started by TONY in C:\Users\TONY\OneDrive\Desktop\CTS intern\Pension-Management\Pension-Management\ProcessPension-Microservice)
2021-08-04_10-22-13 [main] INFO  c.c.p.p.ProcessPensionMicroserviceApplication - No active profile set, falling back to default profiles: default
2021-08-04_10-22-13 [main] INFO  o.s.cloud.context.scope.GenericScope - BeanFactory id=7c80c450-184d-3aa4-a8f9-db41c265de67
2021-08-04_10-22-13 [main] INFO  o.s.c.s.PostProcessorRegistrationDelegate$BeanPostProcessorChecker - Bean 'com.cts.pension.process.feignclient.AuthorisingClient' of type [org.springframework.cloud.openfeign.FeignClientFactoryBean] is not eligible for getting processed by all BeanPostProcessors (for example: not eligible for auto-proxying)
2021-08-04_10-22-13 [main] INFO  o.s.c.s.PostProcessorRegistrationDelegate$BeanPostProcessorChecker - Bean 'com.cts.pension.process.feignclient.PensionDisbursementFeignClient' of type [org.springframework.cloud.openfeign.FeignClientFactoryBean] is not eligible for getting processed by all BeanPostProcessors (for example: not eligible for auto-proxying)
2021-08-04_10-22-13 [main] INFO  o.s.c.s.PostProcessorRegistrationDelegate$BeanPostProcessorChecker - Bean 'com.cts.pension.process.feignclient.PensionerDetailFeignClient' of type [org.springframework.cloud.openfeign.FeignClientFactoryBean] is not eligible for getting processed by all BeanPostProcessors (for example: not eligible for auto-proxying)
2021-08-04_10-22-13 [main] INFO  o.s.b.w.e.tomcat.TomcatWebServer - Tomcat initialized with port(s): 8100 (http)
2021-08-04_10-22-13 [main] INFO  o.a.coyote.http11.Http11NioProtocol - Initializing ProtocolHandler ["http-nio-8100"]
2021-08-04_10-22-13 [main] INFO  o.a.catalina.core.StandardService - Starting service [Tomcat]
2021-08-04_10-22-13 [main] INFO  o.a.catalina.core.StandardEngine - Starting Servlet engine: [Apache Tomcat/9.0.41]
2021-08-04_10-22-13 [main] INFO  o.a.c.c.C.[.[localhost].[/process] - Initializing Spring embedded WebApplicationContext
2021-08-04_10-22-13 [main] INFO  o.s.b.w.s.c.ServletWebServerApplicationContext - Root WebApplicationContext: initialization completed in 2184 ms
2021-08-04_10-22-13 [main] INFO  o.s.b.a.e.web.EndpointLinksResolver - Exposing 2 endpoint(s) beneath base path '/actuator'
2021-08-04_10-22-13 [main] INFO  s.d.s.w.PropertySourcedRequestMappingHandlerMapping - Mapped URL path [/v2/api-docs] onto method [springfox.documentation.swagger2.web.Swagger2Controller#getDocumentation(String, HttpServletRequest)]
2021-08-04_10-22-13 [main] INFO  o.s.s.c.ThreadPoolTaskExecutor - Initializing ExecutorService 'applicationTaskExecutor'
2021-08-04_10-22-13 [main] INFO  o.a.coyote.http11.Http11NioProtocol - Starting ProtocolHandler ["http-nio-8100"]
2021-08-04_10-22-13 [main] INFO  o.s.b.w.e.tomcat.TomcatWebServer - Tomcat started on port(s): 8100 (http) with context path '/process'
2021-08-04_10-22-13 [main] INFO  s.d.s.w.p.DocumentationPluginsBootstrapper - Context refreshed
2021-08-04_10-22-13 [main] INFO  s.d.s.w.p.DocumentationPluginsBootstrapper - Found 1 custom documentation plugin(s)
2021-08-04_10-22-13 [main] INFO  s.d.s.w.s.ApiListingReferenceScanner - Scanning for api listing references
2021-08-04_10-22-13 [main] INFO  s.d.s.w.r.o.CachingOperationNameGenerator - Generating unique operation named: handleUsingGET_1
2021-08-04_10-22-13 [main] INFO  s.d.s.w.r.o.CachingOperationNameGenerator - Generating unique operation named: handleUsingGET_2
2021-08-04_10-22-13 [main] INFO  c.c.p.p.ProcessPensionMicroserviceApplication - Started ProcessPensionMicroserviceApplication in 4.059 seconds (JVM running for 34.114)
2021-08-04_10-22-13 [main] INFO  o.s.b.t.c.SpringBootTestContextBootstrapper - Neither @ContextConfiguration nor @ContextHierarchy found for test class [com.cts.pension.process.service.ProcessPensionServiceTest], using SpringBootContextLoader
2021-08-04_10-22-13 [main] INFO  o.s.t.c.s.AbstractContextLoader - Could not detect default resource locations for test class [com.cts.pension.process.service.ProcessPensionServiceTest]: no resource found for suffixes {-context.xml, Context.groovy}.
2021-08-04_10-22-13 [main] INFO  o.s.t.c.s.AnnotationConfigContextLoaderUtils - Could not detect default configuration classes for test class [com.cts.pension.process.service.ProcessPensionServiceTest]: ProcessPensionServiceTest does not declare any static, non-private, non-final, nested classes annotated with @Configuration.
2021-08-04_10-22-13 [main] INFO  o.s.b.t.c.SpringBootTestContextBootstrapper - Found @SpringBootConfiguration com.cts.pension.process.ProcessPensionMicroserviceApplication for test class com.cts.pension.process.service.ProcessPensionServiceTest
2021-08-04_10-22-13 [main] INFO  o.s.b.t.c.SpringBootTestContextBootstrapper - Loaded default TestExecutionListener class names from location [META-INF/spring.factories]: [org.springframework.boot.test.mock.mockito.MockitoTestExecutionListener, org.springframework.boot.test.mock.mockito.ResetMocksTestExecutionListener, org.springframework.boot.test.autoconfigure.restdocs.RestDocsTestExecutionListener, org.springframework.boot.test.autoconfigure.web.client.MockRestServiceServerResetTestExecutionListener, org.springframework.boot.test.autoconfigure.web.servlet.MockMvcPrintOnlyOnFailureTestExecutionListener, org.springframework.boot.test.autoconfigure.web.servlet.WebDriverTestExecutionListener, org.springframework.boot.test.autoconfigure.webservices.client.MockWebServiceServerTestExecutionListener, org.springframework.test.context.web.ServletTestExecutionListener, org.springframework.test.context.support.DirtiesContextBeforeModesTestExecutionListener, org.springframework.test.context.event.ApplicationEventsTestExecutionListener, org.springframework.test.context.support.DependencyInjectionTestExecutionListener, org.springframework.test.context.support.DirtiesContextTestExecutionListener, org.springframework.test.context.transaction.TransactionalTestExecutionListener, org.springframework.test.context.jdbc.SqlScriptsTestExecutionListener, org.springframework.test.context.event.EventPublishingTestExecutionListener]
2021-08-04_10-22-13 [main] INFO  o.s.b.t.c.SpringBootTestContextBootstrapper - Using TestExecutionListeners: [org.springframework.test.context.web.ServletTestExecutionListener@77480751, org.springframework.test.context.support.DirtiesContextBeforeModesTestExecutionListener@6fb94c36, org.springframework.test.context.event.ApplicationEventsTestExecutionListener@19f19f89, org.springframework.boot.test.mock.mockito.MockitoTestExecutionListener@38328799, org.springframework.boot.test.autoconfigure.SpringBootDependencyInjectionTestExecutionListener@f777d41, org.springframework.test.context.support.DirtiesContextTestExecutionListener@2a0a5865, org.springframework.test.context.event.EventPublishingTestExecutionListener@3f92977a, org.springframework.boot.test.mock.mockito.ResetMocksTestExecutionListener@1330d15e, org.springframework.boot.test.autoconfigure.restdocs.RestDocsTestExecutionListener@27192b0c, org.springframework.boot.test.autoconfigure.web.client.MockRestServiceServerResetTestExecutionListener@5f2896fa, org.springframework.boot.test.autoconfigure.web.servlet.MockMvcPrintOnlyOnFailureTestExecutionListener@74aae322, org.springframework.boot.test.autoconfigure.web.servlet.WebDriverTestExecutionListener@610576c8, org.springframework.boot.test.autoconfigure.webservices.client.MockWebServiceServerTestExecutionListener@faa70af]
2021-08-04_10-22-13 [SpringContextShutdownHook] INFO  o.s.s.c.ThreadPoolTaskExecutor - Shutting down ExecutorService 'applicationTaskExecutor'
2021-08-04_10-22-13 [SpringContextShutdownHook] INFO  o.s.s.c.ThreadPoolTaskExecutor - Shutting down ExecutorService 'applicationTaskExecutor'
2021-08-04_10-22-13 [SpringContextShutdownHook] INFO  o.s.s.c.ThreadPoolTaskExecutor - Shutting down ExecutorService 'applicationTaskExecutor'
2021-08-04_10-22-13 [SpringContextShutdownHook] INFO  o.s.s.c.ThreadPoolTaskExecutor - Shutting down ExecutorService 'applicationTaskExecutor'
